<<<<<<< Updated upstream
[2021-01-09 18:00:28] local.ERROR: Method Illuminate\Database\Schema\Blueprint::int does not exist. {"exception":"[object] (BadMethodCallException(code: 0): Method Illuminate\\Database\\Schema\\Blueprint::int does not exist. at /home/vagrant/code/PROYECTO-DBD/vendor/laravel/framework/src/Illuminate/Macroable/Traits/Macroable.php:103)
[stacktrace]
#0 /home/vagrant/code/PROYECTO-DBD/database/migrations/2021_01_09_175450_create_feriantes_favoritos_table.php(18): Illuminate\\Database\\Schema\\Blueprint->__call()
#1 /home/vagrant/code/PROYECTO-DBD/vendor/laravel/framework/src/Illuminate/Database/Schema/Builder.php(199): CreateFeriantesFavoritosTable->{closure}()
#2 /home/vagrant/code/PROYECTO-DBD/vendor/laravel/framework/src/Illuminate/Support/helpers.php(263): Illuminate\\Database\\Schema\\Builder->Illuminate\\Database\\Schema\\{closure}()
#3 /home/vagrant/code/PROYECTO-DBD/vendor/laravel/framework/src/Illuminate/Database/Schema/Builder.php(200): tap()
#4 /home/vagrant/code/PROYECTO-DBD/vendor/laravel/framework/src/Illuminate/Support/Facades/Facade.php(261): Illuminate\\Database\\Schema\\Builder->create()
#5 /home/vagrant/code/PROYECTO-DBD/database/migrations/2021_01_09_175450_create_feriantes_favoritos_table.php(20): Illuminate\\Support\\Facades\\Facade::__callStatic()
#6 /home/vagrant/code/PROYECTO-DBD/vendor/laravel/framework/src/Illuminate/Database/Migrations/Migrator.php(392): CreateFeriantesFavoritosTable->up()
#7 /home/vagrant/code/PROYECTO-DBD/vendor/laravel/framework/src/Illuminate/Database/Concerns/ManagesTransactions.php(28): Illuminate\\Database\\Migrations\\Migrator->Illuminate\\Database\\Migrations\\{closure}()
#8 /home/vagrant/code/PROYECTO-DBD/vendor/laravel/framework/src/Illuminate/Database/Migrations/Migrator.php(400): Illuminate\\Database\\Connection->transaction()
#9 /home/vagrant/code/PROYECTO-DBD/vendor/laravel/framework/src/Illuminate/Database/Migrations/Migrator.php(200): Illuminate\\Database\\Migrations\\Migrator->runMigration()
#10 /home/vagrant/code/PROYECTO-DBD/vendor/laravel/framework/src/Illuminate/Database/Migrations/Migrator.php(165): Illuminate\\Database\\Migrations\\Migrator->runUp()
#11 /home/vagrant/code/PROYECTO-DBD/vendor/laravel/framework/src/Illuminate/Database/Migrations/Migrator.php(110): Illuminate\\Database\\Migrations\\Migrator->runPending()
#12 /home/vagrant/code/PROYECTO-DBD/vendor/laravel/framework/src/Illuminate/Database/Console/Migrations/MigrateCommand.php(85): Illuminate\\Database\\Migrations\\Migrator->run()
#13 /home/vagrant/code/PROYECTO-DBD/vendor/laravel/framework/src/Illuminate/Database/Migrations/Migrator.php(541): Illuminate\\Database\\Console\\Migrations\\MigrateCommand->Illuminate\\Database\\Console\\Migrations\\{closure}()
#14 /home/vagrant/code/PROYECTO-DBD/vendor/laravel/framework/src/Illuminate/Database/Console/Migrations/MigrateCommand.php(94): Illuminate\\Database\\Migrations\\Migrator->usingConnection()
#15 /home/vagrant/code/PROYECTO-DBD/vendor/laravel/framework/src/Illuminate/Container/BoundMethod.php(36): Illuminate\\Database\\Console\\Migrations\\MigrateCommand->handle()
#16 /home/vagrant/code/PROYECTO-DBD/vendor/laravel/framework/src/Illuminate/Container/Util.php(40): Illuminate\\Container\\BoundMethod::Illuminate\\Container\\{closure}()
#17 /home/vagrant/code/PROYECTO-DBD/vendor/laravel/framework/src/Illuminate/Container/BoundMethod.php(93): Illuminate\\Container\\Util::unwrapIfClosure()
#18 /home/vagrant/code/PROYECTO-DBD/vendor/laravel/framework/src/Illuminate/Container/BoundMethod.php(37): Illuminate\\Container\\BoundMethod::callBoundMethod()
#19 /home/vagrant/code/PROYECTO-DBD/vendor/laravel/framework/src/Illuminate/Container/Container.php(610): Illuminate\\Container\\BoundMethod::call()
#20 /home/vagrant/code/PROYECTO-DBD/vendor/laravel/framework/src/Illuminate/Console/Command.php(136): Illuminate\\Container\\Container->call()
#21 /home/vagrant/code/PROYECTO-DBD/vendor/symfony/console/Command/Command.php(258): Illuminate\\Console\\Command->execute()
#22 /home/vagrant/code/PROYECTO-DBD/vendor/laravel/framework/src/Illuminate/Console/Command.php(121): Symfony\\Component\\Console\\Command\\Command->run()
#23 /home/vagrant/code/PROYECTO-DBD/vendor/symfony/console/Application.php(920): Illuminate\\Console\\Command->run()
#24 /home/vagrant/code/PROYECTO-DBD/vendor/symfony/console/Application.php(266): Symfony\\Component\\Console\\Application->doRunCommand()
#25 /home/vagrant/code/PROYECTO-DBD/vendor/symfony/console/Application.php(142): Symfony\\Component\\Console\\Application->doRun()
#26 /home/vagrant/code/PROYECTO-DBD/vendor/laravel/framework/src/Illuminate/Console/Application.php(93): Symfony\\Component\\Console\\Application->run()
#27 /home/vagrant/code/PROYECTO-DBD/vendor/laravel/framework/src/Illuminate/Foundation/Console/Kernel.php(129): Illuminate\\Console\\Application->run()
#28 /home/vagrant/code/PROYECTO-DBD/artisan(37): Illuminate\\Foundation\\Console\\Kernel->handle()
#29 {main}
"} 
[2021-01-09 18:02:22] local.ERROR: Method Illuminate\Database\Schema\Blueprint::int does not exist. {"exception":"[object] (BadMethodCallException(code: 0): Method Illuminate\\Database\\Schema\\Blueprint::int does not exist. at /home/vagrant/code/PROYECTO-DBD/vendor/laravel/framework/src/Illuminate/Macroable/Traits/Macroable.php:103)
[stacktrace]
#0 /home/vagrant/code/PROYECTO-DBD/database/migrations/2021_01_09_175450_create_feriantes_favoritos_table.php(18): Illuminate\\Database\\Schema\\Blueprint->__call()
#1 /home/vagrant/code/PROYECTO-DBD/vendor/laravel/framework/src/Illuminate/Database/Schema/Builder.php(199): CreateFeriantesFavoritosTable->{closure}()
#2 /home/vagrant/code/PROYECTO-DBD/vendor/laravel/framework/src/Illuminate/Support/helpers.php(263): Illuminate\\Database\\Schema\\Builder->Illuminate\\Database\\Schema\\{closure}()
#3 /home/vagrant/code/PROYECTO-DBD/vendor/laravel/framework/src/Illuminate/Database/Schema/Builder.php(200): tap()
#4 /home/vagrant/code/PROYECTO-DBD/vendor/laravel/framework/src/Illuminate/Support/Facades/Facade.php(261): Illuminate\\Database\\Schema\\Builder->create()
#5 /home/vagrant/code/PROYECTO-DBD/database/migrations/2021_01_09_175450_create_feriantes_favoritos_table.php(20): Illuminate\\Support\\Facades\\Facade::__callStatic()
#6 /home/vagrant/code/PROYECTO-DBD/vendor/laravel/framework/src/Illuminate/Database/Migrations/Migrator.php(392): CreateFeriantesFavoritosTable->up()
#7 /home/vagrant/code/PROYECTO-DBD/vendor/laravel/framework/src/Illuminate/Database/Concerns/ManagesTransactions.php(28): Illuminate\\Database\\Migrations\\Migrator->Illuminate\\Database\\Migrations\\{closure}()
#8 /home/vagrant/code/PROYECTO-DBD/vendor/laravel/framework/src/Illuminate/Database/Migrations/Migrator.php(400): Illuminate\\Database\\Connection->transaction()
#9 /home/vagrant/code/PROYECTO-DBD/vendor/laravel/framework/src/Illuminate/Database/Migrations/Migrator.php(200): Illuminate\\Database\\Migrations\\Migrator->runMigration()
#10 /home/vagrant/code/PROYECTO-DBD/vendor/laravel/framework/src/Illuminate/Database/Migrations/Migrator.php(165): Illuminate\\Database\\Migrations\\Migrator->runUp()
#11 /home/vagrant/code/PROYECTO-DBD/vendor/laravel/framework/src/Illuminate/Database/Migrations/Migrator.php(110): Illuminate\\Database\\Migrations\\Migrator->runPending()
#12 /home/vagrant/code/PROYECTO-DBD/vendor/laravel/framework/src/Illuminate/Database/Console/Migrations/MigrateCommand.php(85): Illuminate\\Database\\Migrations\\Migrator->run()
#13 /home/vagrant/code/PROYECTO-DBD/vendor/laravel/framework/src/Illuminate/Database/Migrations/Migrator.php(541): Illuminate\\Database\\Console\\Migrations\\MigrateCommand->Illuminate\\Database\\Console\\Migrations\\{closure}()
#14 /home/vagrant/code/PROYECTO-DBD/vendor/laravel/framework/src/Illuminate/Database/Console/Migrations/MigrateCommand.php(94): Illuminate\\Database\\Migrations\\Migrator->usingConnection()
#15 /home/vagrant/code/PROYECTO-DBD/vendor/laravel/framework/src/Illuminate/Container/BoundMethod.php(36): Illuminate\\Database\\Console\\Migrations\\MigrateCommand->handle()
#16 /home/vagrant/code/PROYECTO-DBD/vendor/laravel/framework/src/Illuminate/Container/Util.php(40): Illuminate\\Container\\BoundMethod::Illuminate\\Container\\{closure}()
#17 /home/vagrant/code/PROYECTO-DBD/vendor/laravel/framework/src/Illuminate/Container/BoundMethod.php(93): Illuminate\\Container\\Util::unwrapIfClosure()
#18 /home/vagrant/code/PROYECTO-DBD/vendor/laravel/framework/src/Illuminate/Container/BoundMethod.php(37): Illuminate\\Container\\BoundMethod::callBoundMethod()
#19 /home/vagrant/code/PROYECTO-DBD/vendor/laravel/framework/src/Illuminate/Container/Container.php(610): Illuminate\\Container\\BoundMethod::call()
#20 /home/vagrant/code/PROYECTO-DBD/vendor/laravel/framework/src/Illuminate/Console/Command.php(136): Illuminate\\Container\\Container->call()
#21 /home/vagrant/code/PROYECTO-DBD/vendor/symfony/console/Command/Command.php(258): Illuminate\\Console\\Command->execute()
#22 /home/vagrant/code/PROYECTO-DBD/vendor/laravel/framework/src/Illuminate/Console/Command.php(121): Symfony\\Component\\Console\\Command\\Command->run()
#23 /home/vagrant/code/PROYECTO-DBD/vendor/symfony/console/Application.php(920): Illuminate\\Console\\Command->run()
#24 /home/vagrant/code/PROYECTO-DBD/vendor/symfony/console/Application.php(266): Symfony\\Component\\Console\\Application->doRunCommand()
#25 /home/vagrant/code/PROYECTO-DBD/vendor/symfony/console/Application.php(142): Symfony\\Component\\Console\\Application->doRun()
#26 /home/vagrant/code/PROYECTO-DBD/vendor/laravel/framework/src/Illuminate/Console/Application.php(93): Symfony\\Component\\Console\\Application->run()
#27 /home/vagrant/code/PROYECTO-DBD/vendor/laravel/framework/src/Illuminate/Foundation/Console/Kernel.php(129): Illuminate\\Console\\Application->run()
#28 /home/vagrant/code/PROYECTO-DBD/artisan(37): Illuminate\\Foundation\\Console\\Kernel->handle()
#29 {main}
"} 
[2021-01-09 18:03:42] local.ERROR: Method Illuminate\Database\Schema\Blueprint::Int does not exist. {"exception":"[object] (BadMethodCallException(code: 0): Method Illuminate\\Database\\Schema\\Blueprint::Int does not exist. at /home/vagrant/code/PROYECTO-DBD/vendor/laravel/framework/src/Illuminate/Macroable/Traits/Macroable.php:103)
[stacktrace]
#0 /home/vagrant/code/PROYECTO-DBD/database/migrations/2021_01_09_175450_create_feriantes_favoritos_table.php(18): Illuminate\\Database\\Schema\\Blueprint->__call()
#1 /home/vagrant/code/PROYECTO-DBD/vendor/laravel/framework/src/Illuminate/Database/Schema/Builder.php(199): CreateFeriantesFavoritosTable->{closure}()
#2 /home/vagrant/code/PROYECTO-DBD/vendor/laravel/framework/src/Illuminate/Support/helpers.php(263): Illuminate\\Database\\Schema\\Builder->Illuminate\\Database\\Schema\\{closure}()
#3 /home/vagrant/code/PROYECTO-DBD/vendor/laravel/framework/src/Illuminate/Database/Schema/Builder.php(200): tap()
#4 /home/vagrant/code/PROYECTO-DBD/vendor/laravel/framework/src/Illuminate/Support/Facades/Facade.php(261): Illuminate\\Database\\Schema\\Builder->create()
#5 /home/vagrant/code/PROYECTO-DBD/database/migrations/2021_01_09_175450_create_feriantes_favoritos_table.php(20): Illuminate\\Support\\Facades\\Facade::__callStatic()
#6 /home/vagrant/code/PROYECTO-DBD/vendor/laravel/framework/src/Illuminate/Database/Migrations/Migrator.php(392): CreateFeriantesFavoritosTable->up()
#7 /home/vagrant/code/PROYECTO-DBD/vendor/laravel/framework/src/Illuminate/Database/Concerns/ManagesTransactions.php(28): Illuminate\\Database\\Migrations\\Migrator->Illuminate\\Database\\Migrations\\{closure}()
#8 /home/vagrant/code/PROYECTO-DBD/vendor/laravel/framework/src/Illuminate/Database/Migrations/Migrator.php(400): Illuminate\\Database\\Connection->transaction()
#9 /home/vagrant/code/PROYECTO-DBD/vendor/laravel/framework/src/Illuminate/Database/Migrations/Migrator.php(200): Illuminate\\Database\\Migrations\\Migrator->runMigration()
#10 /home/vagrant/code/PROYECTO-DBD/vendor/laravel/framework/src/Illuminate/Database/Migrations/Migrator.php(165): Illuminate\\Database\\Migrations\\Migrator->runUp()
#11 /home/vagrant/code/PROYECTO-DBD/vendor/laravel/framework/src/Illuminate/Database/Migrations/Migrator.php(110): Illuminate\\Database\\Migrations\\Migrator->runPending()
#12 /home/vagrant/code/PROYECTO-DBD/vendor/laravel/framework/src/Illuminate/Database/Console/Migrations/MigrateCommand.php(85): Illuminate\\Database\\Migrations\\Migrator->run()
#13 /home/vagrant/code/PROYECTO-DBD/vendor/laravel/framework/src/Illuminate/Database/Migrations/Migrator.php(541): Illuminate\\Database\\Console\\Migrations\\MigrateCommand->Illuminate\\Database\\Console\\Migrations\\{closure}()
#14 /home/vagrant/code/PROYECTO-DBD/vendor/laravel/framework/src/Illuminate/Database/Console/Migrations/MigrateCommand.php(94): Illuminate\\Database\\Migrations\\Migrator->usingConnection()
#15 /home/vagrant/code/PROYECTO-DBD/vendor/laravel/framework/src/Illuminate/Container/BoundMethod.php(36): Illuminate\\Database\\Console\\Migrations\\MigrateCommand->handle()
#16 /home/vagrant/code/PROYECTO-DBD/vendor/laravel/framework/src/Illuminate/Container/Util.php(40): Illuminate\\Container\\BoundMethod::Illuminate\\Container\\{closure}()
#17 /home/vagrant/code/PROYECTO-DBD/vendor/laravel/framework/src/Illuminate/Container/BoundMethod.php(93): Illuminate\\Container\\Util::unwrapIfClosure()
#18 /home/vagrant/code/PROYECTO-DBD/vendor/laravel/framework/src/Illuminate/Container/BoundMethod.php(37): Illuminate\\Container\\BoundMethod::callBoundMethod()
#19 /home/vagrant/code/PROYECTO-DBD/vendor/laravel/framework/src/Illuminate/Container/Container.php(610): Illuminate\\Container\\BoundMethod::call()
#20 /home/vagrant/code/PROYECTO-DBD/vendor/laravel/framework/src/Illuminate/Console/Command.php(136): Illuminate\\Container\\Container->call()
#21 /home/vagrant/code/PROYECTO-DBD/vendor/symfony/console/Command/Command.php(258): Illuminate\\Console\\Command->execute()
#22 /home/vagrant/code/PROYECTO-DBD/vendor/laravel/framework/src/Illuminate/Console/Command.php(121): Symfony\\Component\\Console\\Command\\Command->run()
#23 /home/vagrant/code/PROYECTO-DBD/vendor/symfony/console/Application.php(920): Illuminate\\Console\\Command->run()
#24 /home/vagrant/code/PROYECTO-DBD/vendor/symfony/console/Application.php(266): Symfony\\Component\\Console\\Application->doRunCommand()
#25 /home/vagrant/code/PROYECTO-DBD/vendor/symfony/console/Application.php(142): Symfony\\Component\\Console\\Application->doRun()
#26 /home/vagrant/code/PROYECTO-DBD/vendor/laravel/framework/src/Illuminate/Console/Application.php(93): Symfony\\Component\\Console\\Application->run()
#27 /home/vagrant/code/PROYECTO-DBD/vendor/laravel/framework/src/Illuminate/Foundation/Console/Kernel.php(129): Illuminate\\Console\\Application->run()
#28 /home/vagrant/code/PROYECTO-DBD/artisan(37): Illuminate\\Foundation\\Console\\Kernel->handle()
#29 {main}
=======
[2020-12-05 21:46:14] local.ERROR: Please provide a valid cache path. {"exception":"[object] (InvalidArgumentException(code: 0): Please provide a valid cache path. at /home/vagrant/code/proyecto-dbd/PROYECTO-DBD/vendor/laravel/framework/src/Illuminate/View/Compilers/Compiler.php:36)
[stacktrace]
#0 /home/vagrant/code/proyecto-dbd/PROYECTO-DBD/vendor/laravel/framework/src/Illuminate/View/ViewServiceProvider.php(88): Illuminate\\View\\Compilers\\Compiler->__construct()
#1 /home/vagrant/code/proyecto-dbd/PROYECTO-DBD/vendor/laravel/framework/src/Illuminate/Container/Container.php(826): Illuminate\\View\\ViewServiceProvider->Illuminate\\View\\{closure}()
#2 /home/vagrant/code/proyecto-dbd/PROYECTO-DBD/vendor/laravel/framework/src/Illuminate/Container/Container.php(712): Illuminate\\Container\\Container->build()
#3 /home/vagrant/code/proyecto-dbd/PROYECTO-DBD/vendor/laravel/framework/src/Illuminate/Foundation/Application.php(796): Illuminate\\Container\\Container->resolve()
#4 /home/vagrant/code/proyecto-dbd/PROYECTO-DBD/vendor/laravel/framework/src/Illuminate/Container/Container.php(651): Illuminate\\Foundation\\Application->resolve()
#5 /home/vagrant/code/proyecto-dbd/PROYECTO-DBD/vendor/laravel/framework/src/Illuminate/Foundation/Application.php(781): Illuminate\\Container\\Container->make()
#6 /home/vagrant/code/proyecto-dbd/PROYECTO-DBD/vendor/laravel/framework/src/Illuminate/Container/Container.php(1354): Illuminate\\Foundation\\Application->make()
#7 /home/vagrant/code/proyecto-dbd/PROYECTO-DBD/vendor/laravel/framework/src/Illuminate/View/ViewServiceProvider.php(150): Illuminate\\Container\\Container->offsetGet()
#8 [internal function]: Illuminate\\View\\ViewServiceProvider->Illuminate\\View\\{closure}()
#9 /home/vagrant/code/proyecto-dbd/PROYECTO-DBD/vendor/laravel/framework/src/Illuminate/View/Engines/EngineResolver.php(55): call_user_func()
#10 /home/vagrant/code/proyecto-dbd/PROYECTO-DBD/vendor/facade/ignition/src/IgnitionServiceProvider.php(389): Illuminate\\View\\Engines\\EngineResolver->resolve()
#11 /home/vagrant/code/proyecto-dbd/PROYECTO-DBD/vendor/facade/ignition/src/IgnitionServiceProvider.php(125): Facade\\Ignition\\IgnitionServiceProvider->hasCustomViewEnginesRegistered()
#12 /home/vagrant/code/proyecto-dbd/PROYECTO-DBD/vendor/facade/ignition/src/IgnitionServiceProvider.php(84): Facade\\Ignition\\IgnitionServiceProvider->registerViewEngines()
#13 /home/vagrant/code/proyecto-dbd/PROYECTO-DBD/vendor/laravel/framework/src/Illuminate/Container/BoundMethod.php(36): Facade\\Ignition\\IgnitionServiceProvider->boot()
#14 /home/vagrant/code/proyecto-dbd/PROYECTO-DBD/vendor/laravel/framework/src/Illuminate/Container/Util.php(40): Illuminate\\Container\\BoundMethod::Illuminate\\Container\\{closure}()
#15 /home/vagrant/code/proyecto-dbd/PROYECTO-DBD/vendor/laravel/framework/src/Illuminate/Container/BoundMethod.php(93): Illuminate\\Container\\Util::unwrapIfClosure()
#16 /home/vagrant/code/proyecto-dbd/PROYECTO-DBD/vendor/laravel/framework/src/Illuminate/Container/BoundMethod.php(37): Illuminate\\Container\\BoundMethod::callBoundMethod()
#17 /home/vagrant/code/proyecto-dbd/PROYECTO-DBD/vendor/laravel/framework/src/Illuminate/Container/Container.php(610): Illuminate\\Container\\BoundMethod::call()
#18 /home/vagrant/code/proyecto-dbd/PROYECTO-DBD/vendor/laravel/framework/src/Illuminate/Foundation/Application.php(869): Illuminate\\Container\\Container->call()
#19 /home/vagrant/code/proyecto-dbd/PROYECTO-DBD/vendor/laravel/framework/src/Illuminate/Foundation/Application.php(850): Illuminate\\Foundation\\Application->bootProvider()
#20 [internal function]: Illuminate\\Foundation\\Application->Illuminate\\Foundation\\{closure}()
#21 /home/vagrant/code/proyecto-dbd/PROYECTO-DBD/vendor/laravel/framework/src/Illuminate/Foundation/Application.php(851): array_walk()
#22 /home/vagrant/code/proyecto-dbd/PROYECTO-DBD/vendor/laravel/framework/src/Illuminate/Foundation/Bootstrap/BootProviders.php(17): Illuminate\\Foundation\\Application->boot()
#23 /home/vagrant/code/proyecto-dbd/PROYECTO-DBD/vendor/laravel/framework/src/Illuminate/Foundation/Application.php(230): Illuminate\\Foundation\\Bootstrap\\BootProviders->bootstrap()
#24 /home/vagrant/code/proyecto-dbd/PROYECTO-DBD/vendor/laravel/framework/src/Illuminate/Foundation/Console/Kernel.php(310): Illuminate\\Foundation\\Application->bootstrapWith()
#25 /home/vagrant/code/proyecto-dbd/PROYECTO-DBD/vendor/laravel/framework/src/Illuminate/Foundation/Console/Kernel.php(127): Illuminate\\Foundation\\Console\\Kernel->bootstrap()
#26 /home/vagrant/code/proyecto-dbd/PROYECTO-DBD/artisan(37): Illuminate\\Foundation\\Console\\Kernel->handle()
#27 {main}
"} 
[2020-12-05 22:17:16] local.ERROR: Command "server" is not defined.

Did you mean one of these?
    make:observer
    serve {"exception":"[object] (Symfony\\Component\\Console\\Exception\\CommandNotFoundException(code: 0): Command \"server\" is not defined.

Did you mean one of these?
    make:observer
    serve at /home/vagrant/code/PROYECTO-DBD/vendor/symfony/console/Application.php:651)
[stacktrace]
#0 /home/vagrant/code/PROYECTO-DBD/vendor/symfony/console/Application.php(230): Symfony\\Component\\Console\\Application->find()
#1 /home/vagrant/code/PROYECTO-DBD/vendor/symfony/console/Application.php(142): Symfony\\Component\\Console\\Application->doRun()
#2 /home/vagrant/code/PROYECTO-DBD/vendor/laravel/framework/src/Illuminate/Console/Application.php(93): Symfony\\Component\\Console\\Application->run()
#3 /home/vagrant/code/PROYECTO-DBD/vendor/laravel/framework/src/Illuminate/Foundation/Console/Kernel.php(129): Illuminate\\Console\\Application->run()
#4 /home/vagrant/code/PROYECTO-DBD/artisan(37): Illuminate\\Foundation\\Console\\Kernel->handle()
#5 {main}
>>>>>>> Stashed changes
"} 
